INFO Посетили главную страницу
INFO "GET / HTTP/1.1" 200 605
INFO Посетили страницу About
INFO "GET /about/ HTTP/1.1" 200 883
INFO Посетили главную страницу
INFO "GET / HTTP/1.1" 200 605
INFO Посетили страницу About
INFO "GET /about/ HTTP/1.1" 200 883
INFO Посетили главную страницу
INFO "GET / HTTP/1.1" 200 605
INFO Посетили главную страницу
INFO "GET / HTTP/1.1" 200 605
INFO Посетили главную страницу
INFO "GET / HTTP/1.1" 200 605
INFO Watching for file changes with StatReloader
INFO Посетили страницу About
INFO "GET /about/ HTTP/1.1" 200 883
INFO Посетили страницу About
INFO "GET /about/ HTTP/1.1" 200 883
INFO Посетили страницу About
INFO "GET /about/ HTTP/1.1" 200 883
INFO Посетили главную страницу
INFO "GET / HTTP/1.1" 200 605
INFO Watching for file changes with StatReloader
INFO Посетили главную страницу
ERROR Internal Server Error: /
Traceback (most recent call last):
  File "X:\Geek\Developer\2_block\Python\Django\venv\lib\site-packages\django\core\handlers\exception.py", line 55, in inner
    response = get_response(request)
  File "X:\Geek\Developer\2_block\Python\Django\venv\lib\site-packages\django\core\handlers\base.py", line 197, in _get_response
    response = wrapped_callback(request, *callback_args, **callback_kwargs)
  File "X:\Geek\Developer\2_block\Python\Django\lesson_1_Begin\hw\myapp\views.py", line 10, in index
    return render(request, 'start.html')
  File "X:\Geek\Developer\2_block\Python\Django\venv\lib\site-packages\django\shortcuts.py", line 24, in render
    content = loader.render_to_string(template_name, context, request, using=using)
  File "X:\Geek\Developer\2_block\Python\Django\venv\lib\site-packages\django\template\loader.py", line 61, in render_to_string
    template = get_template(template_name, using=using)
  File "X:\Geek\Developer\2_block\Python\Django\venv\lib\site-packages\django\template\loader.py", line 19, in get_template
    raise TemplateDoesNotExist(template_name, chain=chain)
django.template.exceptions.TemplateDoesNotExist: start.html
ERROR "GET / HTTP/1.1" 500 80030
INFO X:\Geek\Developer\2_block\Python\Django\lesson_1_Begin\hw\myapp\views.py changed, reloading.
INFO Watching for file changes with StatReloader
INFO Посетили главную страницу
INFO "GET / HTTP/1.1" 200 605
INFO Посетили главную страницу
INFO "GET / HTTP/1.1" 200 605
INFO Посетили страницу About
INFO "GET /about/ HTTP/1.1" 200 883
INFO Посетили главную страницу
INFO "GET / HTTP/1.1" 200 605
INFO Watching for file changes with StatReloader
INFO Посетили главную страницу
INFO "GET / HTTP/1.1" 200 605
INFO "GET /static/css/style.css HTTP/1.1" 200 303
INFO "GET /static/img/1.jpg HTTP/1.1" 200 162200
